<?xml version="1.0" encoding="UTF-8"?>
<!-- Generated by org.testng.reporters.JUnitReportReporter -->
<testsuite hostname="LAPTOP-NN69S4SA" failures="0" tests="2" name="cucumber.TestNGTestRunner" time="49.290" errors="0" timestamp="2024-03-24T15:33:09 PST" skipped="0">
  <testcase classname="cucumber.TestNGTestRunner" name="runScenario" time="26.321"/>
  <testcase classname="cucumber.TestNGTestRunner" name="runScenario" time="22.969"/>
</testsuite> <!-- cucumber.TestNGTestRunner -->
