<?xml version="1.0" encoding="UTF-8"?>
<!-- Generated by org.testng.reporters.JUnitReportReporter -->
<testsuite hostname="LAPTOP-NN69S4SA" failures="0" tests="4" name="RHA.SeleniumFrameworkDesign.StandAloneTestRefactor" time="80.200" errors="0" timestamp="2024-03-24T15:54:14 PST" skipped="0">
  <testcase classname="RHA.SeleniumFrameworkDesign.StandAloneTestRefactor" name="submitOrder" time="19.683"/>
  <testcase classname="RHA.SeleniumFrameworkDesign.StandAloneTestRefactor" name="submitOrder" time="29.026"/>
  <testcase classname="RHA.SeleniumFrameworkDesign.StandAloneTestRefactor" name="OrderHistoryTest" time="14.838"/>
  <testcase classname="RHA.SeleniumFrameworkDesign.StandAloneTestRefactor" name="OrderHistoryTest" time="16.653"/>
</testsuite> <!-- RHA.SeleniumFrameworkDesign.StandAloneTestRefactor -->
