<?xml version="1.0" encoding="UTF-8"?>
<!-- Generated by org.testng.reporters.JUnitReportReporter -->
<testsuite hostname="LAPTOP-NN69S4SA" failures="0" tests="2" name="cucumber.TestNGTestRunner" time="96.976" errors="0" timestamp="2024-03-24T15:52:06 PST" skipped="0">
  <testcase classname="cucumber.TestNGTestRunner" name="runScenario" time="53.357"/>
  <testcase classname="cucumber.TestNGTestRunner" name="runScenario" time="43.619"/>
</testsuite> <!-- cucumber.TestNGTestRunner -->
